{"C:\\Coding\\palindrome-challenge\\createFactorPairs.js": {"path":"C:\\Coding\\palindrome-challenge\\createFactorPairs.js","statementMap":{"0":{"start":{"line":3,"column":4},"end":{"line":3,"column":16}},"1":{"start":{"line":7,"column":24},"end":{"line":7,"column":26}},"2":{"start":{"line":9,"column":4},"end":{"line":22,"column":5}},"3":{"start":{"line":9,"column":18},"end":{"line":9,"column":31}},"4":{"start":{"line":10,"column":8},"end":{"line":21,"column":9}},"5":{"start":{"line":10,"column":22},"end":{"line":10,"column":24}},"6":{"start":{"line":12,"column":28},"end":{"line":12,"column":33}},"7":{"start":{"line":13,"column":12},"end":{"line":20,"column":13}},"8":{"start":{"line":15,"column":16},"end":{"line":19,"column":18}},"9":{"start":{"line":23,"column":4},"end":{"line":23,"column":70}},"10":{"start":{"line":23,"column":39},"end":{"line":23,"column":68}},"11":{"start":{"line":26,"column":4},"end":{"line":26,"column":22}},"12":{"start":{"line":29,"column":0},"end":{"line":29,"column":34}}},"fnMap":{"0":{"name":"defaultFilter","decl":{"start":{"line":2,"column":9},"end":{"line":2,"column":22}},"loc":{"start":{"line":2,"column":25},"end":{"line":4,"column":1}},"line":2},"1":{"name":"createFactorPairs","decl":{"start":{"line":6,"column":9},"end":{"line":6,"column":26}},"loc":{"start":{"line":6,"column":74},"end":{"line":27,"column":1}},"line":6},"2":{"name":"(anonymous_2)","decl":{"start":{"line":23,"column":21},"end":{"line":23,"column":22}},"loc":{"start":{"line":23,"column":39},"end":{"line":23,"column":68}},"line":23}},"branchMap":{"0":{"loc":{"start":{"line":6,"column":42},"end":{"line":6,"column":72}},"type":"default-arg","locations":[{"start":{"line":6,"column":59},"end":{"line":6,"column":72}}],"line":6},"1":{"loc":{"start":{"line":13,"column":12},"end":{"line":20,"column":13}},"type":"if","locations":[{"start":{"line":13,"column":12},"end":{"line":20,"column":13}},{"start":{"line":13,"column":12},"end":{"line":20,"column":13}}],"line":13}},"s":{"0":21,"1":4,"2":4,"3":4,"4":116,"5":116,"6":5016,"7":5016,"8":225,"9":4,"10":1354,"11":4,"12":2},"f":{"0":21,"1":4,"2":1354},"b":{"0":[2],"1":[225,4791]},"_coverageSchema":"43e27e138ebf9cfc5966b082cf9a028302ed4184","hash":"cea083fdc981278521be04cc54699fdf8fb2b076"}
,"C:\\Coding\\palindrome-challenge\\isThisAPalindrome.js": {"path":"C:\\Coding\\palindrome-challenge\\isThisAPalindrome.js","statementMap":{"0":{"start":{"line":3,"column":23},"end":{"line":3,"column":49}},"1":{"start":{"line":6,"column":15},"end":{"line":6,"column":35}},"2":{"start":{"line":8,"column":4},"end":{"line":14,"column":5}},"3":{"start":{"line":8,"column":21},"end":{"line":8,"column":22}},"4":{"start":{"line":10,"column":8},"end":{"line":12,"column":9}},"5":{"start":{"line":11,"column":12},"end":{"line":11,"column":24}},"6":{"start":{"line":13,"column":8},"end":{"line":13,"column":15}},"7":{"start":{"line":16,"column":4},"end":{"line":16,"column":16}},"8":{"start":{"line":21,"column":0},"end":{"line":21,"column":35}}},"fnMap":{"0":{"name":"isThisAPalindrome","decl":{"start":{"line":2,"column":9},"end":{"line":2,"column":26}},"loc":{"start":{"line":2,"column":34},"end":{"line":19,"column":1}},"line":2}},"branchMap":{"0":{"loc":{"start":{"line":10,"column":8},"end":{"line":12,"column":9}},"type":"if","locations":[{"start":{"line":10,"column":8},"end":{"line":12,"column":9}},{"start":{"line":10,"column":8},"end":{"line":12,"column":9}}],"line":10}},"s":{"0":5003,"1":5003,"2":5003,"3":5003,"4":5257,"5":4795,"6":462,"7":208,"8":2},"f":{"0":5003},"b":{"0":[4795,462]},"_coverageSchema":"43e27e138ebf9cfc5966b082cf9a028302ed4184","hash":"70d0f4846f88c4b9ee5c514750c2695b8ba8e29e"}
}
