TN:
SF:C:\Coding\palindrome-challenge\createFactorPairs.js
FN:2,defaultFilter
FN:6,createFactorPairs
FN:23,(anonymous_2)
FNF:3
FNH:3
FNDA:21,defaultFilter
FNDA:4,createFactorPairs
FNDA:1354,(anonymous_2)
DA:3,21
DA:7,4
DA:9,4
DA:10,116
DA:12,5016
DA:13,5016
DA:15,225
DA:23,1354
DA:26,4
DA:29,2
LF:10
LH:10
BRDA:6,0,0,2
BRDA:13,1,0,225
BRDA:13,1,1,4791
BRF:3
BRH:3
end_of_record
TN:
SF:C:\Coding\palindrome-challenge\isThisAPalindrome.js
FN:2,isThisAPalindrome
FNF:1
FNH:1
FNDA:5003,isThisAPalindrome
DA:3,5003
DA:6,5003
DA:8,5003
DA:10,5257
DA:11,4795
DA:13,462
DA:16,208
DA:21,2
LF:8
LH:8
BRDA:10,0,0,4795
BRDA:10,0,1,462
BRF:2
BRH:2
end_of_record
